2025-06-10T14:25:42.196-05:00  INFO 13204 --- [seguimientoSeleccion] [main] r.s.SeguimientoSeleccionApplicationTests : Starting SeguimientoSeleccionApplicationTests using Java 17.0.15 with PID 13204 (started by Marcela in C:\Users\Marcela\Documents\seguimientoSeleccion)
2025-06-10T14:25:42.212-05:00  INFO 13204 --- [seguimientoSeleccion] [main] r.s.SeguimientoSeleccionApplicationTests : No active profile set, falling back to 1 default profile: "default"
2025-06-10T14:25:43.267-05:00  INFO 13204 --- [seguimientoSeleccion] [main] .s.d.r.c.RepositoryConfigurationDelegate : Bootstrapping Spring Data JPA repositories in DEFAULT mode.
2025-06-10T14:25:43.381-05:00  INFO 13204 --- [seguimientoSeleccion] [main] .s.d.r.c.RepositoryConfigurationDelegate : Finished Spring Data repository scanning in 85 ms. Found 1 JPA repository interface.
2025-06-10T14:25:44.084-05:00  INFO 13204 --- [seguimientoSeleccion] [main] o.hibernate.jpa.internal.util.LogHelper  : HHH000204: Processing PersistenceUnitInfo [name: default]
2025-06-10T14:25:44.195-05:00  INFO 13204 --- [seguimientoSeleccion] [main] org.hibernate.Version                    : HHH000412: Hibernate ORM core version 6.6.13.Final
2025-06-10T14:25:44.274-05:00  INFO 13204 --- [seguimientoSeleccion] [main] o.h.c.internal.RegionFactoryInitiator    : HHH000026: Second-level cache disabled
2025-06-10T14:25:44.733-05:00  INFO 13204 --- [seguimientoSeleccion] [main] o.s.o.j.p.SpringPersistenceUnitInfo      : No LoadTimeWeaver setup: ignoring JPA class transformer
2025-06-10T14:25:44.765-05:00  INFO 13204 --- [seguimientoSeleccion] [main] com.zaxxer.hikari.HikariDataSource       : HikariPool-1 - Starting...
2025-06-10T14:25:44.956-05:00  INFO 13204 --- [seguimientoSeleccion] [main] com.zaxxer.hikari.pool.HikariPool        : HikariPool-1 - Added connection org.postgresql.jdbc.PgConnection@29147c12
2025-06-10T14:25:44.956-05:00  INFO 13204 --- [seguimientoSeleccion] [main] com.zaxxer.hikari.HikariDataSource       : HikariPool-1 - Start completed.
2025-06-10T14:25:45.060-05:00  INFO 13204 --- [seguimientoSeleccion] [main] org.hibernate.orm.connections.pooling    : HHH10001005: Database info:
	Database JDBC URL [Connecting through datasource 'HikariDataSource (HikariPool-1)']
	Database driver: undefined/unknown
	Database version: 16.9
	Autocommit mode: undefined/unknown
	Isolation level: undefined/unknown
	Minimum pool size: undefined/unknown
	Maximum pool size: undefined/unknown
2025-06-10T14:25:46.152-05:00  INFO 13204 --- [seguimientoSeleccion] [main] o.h.e.t.j.p.i.JtaPlatformInitiator       : HHH000489: No JTA platform available (set 'hibernate.transaction.jta.platform' to enable JTA platform integration)
2025-06-10T14:25:46.190-05:00  INFO 13204 --- [seguimientoSeleccion] [main] j.LocalContainerEntityManagerFactoryBean : Initialized JPA EntityManagerFactory for persistence unit 'default'
2025-06-10T14:25:47.526-05:00  INFO 13204 --- [seguimientoSeleccion] [main] r.s.SeguimientoSeleccionApplicationTests : Started SeguimientoSeleccionApplicationTests in 5.753 seconds (process running for 6.988)
2025-06-10T14:25:48.219-05:00  INFO 13204 --- [seguimientoSeleccion] [SpringApplicationShutdownHook] j.LocalContainerEntityManagerFactoryBean : Closing JPA EntityManagerFactory for persistence unit 'default'
2025-06-10T14:25:48.229-05:00  INFO 13204 --- [seguimientoSeleccion] [SpringApplicationShutdownHook] com.zaxxer.hikari.HikariDataSource       : HikariPool-1 - Shutdown initiated...
2025-06-10T14:25:48.240-05:00  INFO 13204 --- [seguimientoSeleccion] [SpringApplicationShutdownHook] com.zaxxer.hikari.HikariDataSource       : HikariPool-1 - Shutdown completed.
2025-06-10T15:27:18.399-05:00  INFO 8996 --- [seguimientoSeleccion] [main] c.r.s.SeguimientoSeleccionApplication    : Starting SeguimientoSeleccionApplication using Java 17.0.15 with PID 8996 (C:\Users\Marcela\Documents\seguimientoSeleccion\target\classes started by Marcela in C:\Users\Marcela\Documents\seguimientoSeleccion)
2025-06-10T15:27:18.403-05:00  INFO 8996 --- [seguimientoSeleccion] [main] c.r.s.SeguimientoSeleccionApplication    : The following 1 profile is active: "dev"
2025-06-10T15:27:19.607-05:00  INFO 8996 --- [seguimientoSeleccion] [main] .s.d.r.c.RepositoryConfigurationDelegate : Bootstrapping Spring Data JPA repositories in DEFAULT mode.
2025-06-10T15:27:19.703-05:00  INFO 8996 --- [seguimientoSeleccion] [main] .s.d.r.c.RepositoryConfigurationDelegate : Finished Spring Data repository scanning in 80 ms. Found 1 JPA repository interface.
2025-06-10T15:27:20.626-05:00  INFO 8996 --- [seguimientoSeleccion] [main] o.s.b.w.embedded.tomcat.TomcatWebServer  : Tomcat initialized with port 8080 (http)
2025-06-10T15:27:20.657-05:00  INFO 8996 --- [seguimientoSeleccion] [main] o.apache.catalina.core.StandardService   : Starting service [Tomcat]
2025-06-10T15:27:20.657-05:00  INFO 8996 --- [seguimientoSeleccion] [main] o.apache.catalina.core.StandardEngine    : Starting Servlet engine: [Apache Tomcat/10.1.40]
2025-06-10T15:27:20.746-05:00  INFO 8996 --- [seguimientoSeleccion] [main] o.a.c.c.C.[Tomcat].[localhost].[/]       : Initializing Spring embedded WebApplicationContext
2025-06-10T15:27:20.746-05:00  INFO 8996 --- [seguimientoSeleccion] [main] w.s.c.ServletWebServerApplicationContext : Root WebApplicationContext: initialization completed in 2250 ms
2025-06-10T15:27:21.007-05:00  INFO 8996 --- [seguimientoSeleccion] [main] o.hibernate.jpa.internal.util.LogHelper  : HHH000204: Processing PersistenceUnitInfo [name: default]
2025-06-10T15:27:21.102-05:00  INFO 8996 --- [seguimientoSeleccion] [main] org.hibernate.Version                    : HHH000412: Hibernate ORM core version 6.6.13.Final
2025-06-10T15:27:21.149-05:00  INFO 8996 --- [seguimientoSeleccion] [main] o.h.c.internal.RegionFactoryInitiator    : HHH000026: Second-level cache disabled
2025-06-10T15:27:21.646-05:00  INFO 8996 --- [seguimientoSeleccion] [main] o.s.o.j.p.SpringPersistenceUnitInfo      : No LoadTimeWeaver setup: ignoring JPA class transformer
2025-06-10T15:27:21.717-05:00  INFO 8996 --- [seguimientoSeleccion] [main] com.zaxxer.hikari.HikariDataSource       : HikariPool-1 - Starting...
2025-06-10T15:27:21.954-05:00  INFO 8996 --- [seguimientoSeleccion] [main] com.zaxxer.hikari.pool.HikariPool        : HikariPool-1 - Added connection org.postgresql.jdbc.PgConnection@7e27f603
2025-06-10T15:27:21.954-05:00  INFO 8996 --- [seguimientoSeleccion] [main] com.zaxxer.hikari.HikariDataSource       : HikariPool-1 - Start completed.
2025-06-10T15:27:22.033-05:00  INFO 8996 --- [seguimientoSeleccion] [main] org.hibernate.orm.connections.pooling    : HHH10001005: Database info:
	Database JDBC URL [Connecting through datasource 'HikariDataSource (HikariPool-1)']
	Database driver: undefined/unknown
	Database version: 16.9
	Autocommit mode: undefined/unknown
	Isolation level: undefined/unknown
	Minimum pool size: undefined/unknown
	Maximum pool size: undefined/unknown
2025-06-10T15:27:23.092-05:00  INFO 8996 --- [seguimientoSeleccion] [main] o.h.e.t.j.p.i.JtaPlatformInitiator       : HHH000489: No JTA platform available (set 'hibernate.transaction.jta.platform' to enable JTA platform integration)
2025-06-10T15:27:23.141-05:00  INFO 8996 --- [seguimientoSeleccion] [main] j.LocalContainerEntityManagerFactoryBean : Initialized JPA EntityManagerFactory for persistence unit 'default'
2025-06-10T15:27:24.164-05:00  WARN 8996 --- [seguimientoSeleccion] [main] ConfigServletWebServerApplicationContext : Exception encountered during context initialization - cancelling refresh attempt: org.springframework.context.ApplicationContextException: Failed to start bean 'webServerStartStop'
2025-06-10T15:27:24.164-05:00  INFO 8996 --- [seguimientoSeleccion] [main] j.LocalContainerEntityManagerFactoryBean : Closing JPA EntityManagerFactory for persistence unit 'default'
2025-06-10T15:27:24.180-05:00  INFO 8996 --- [seguimientoSeleccion] [main] com.zaxxer.hikari.HikariDataSource       : HikariPool-1 - Shutdown initiated...
2025-06-10T15:27:24.192-05:00  INFO 8996 --- [seguimientoSeleccion] [main] com.zaxxer.hikari.HikariDataSource       : HikariPool-1 - Shutdown completed.
2025-06-10T15:27:24.212-05:00  INFO 8996 --- [seguimientoSeleccion] [main] .s.b.a.l.ConditionEvaluationReportLogger : 

Error starting ApplicationContext. To display the condition evaluation report re-run your application with 'debug' enabled.
2025-06-10T15:27:24.244-05:00 ERROR 8996 --- [seguimientoSeleccion] [main] o.s.b.d.LoggingFailureAnalysisReporter   : 

***************************
APPLICATION FAILED TO START
***************************

Description:

Web server failed to start. Port 8080 was already in use.

Action:

Identify and stop the process that's listening on port 8080 or configure this application to listen on another port.

2025-06-10T15:29:50.766-05:00  INFO 6680 --- [seguimientoSeleccion] [main] c.r.s.SeguimientoSeleccionApplication    : Starting SeguimientoSeleccionApplication using Java 17.0.15 with PID 6680 (C:\Users\Marcela\Documents\seguimientoSeleccion\target\classes started by Marcela in C:\Users\Marcela\Documents\seguimientoSeleccion)
2025-06-10T15:29:50.775-05:00  INFO 6680 --- [seguimientoSeleccion] [main] c.r.s.SeguimientoSeleccionApplication    : The following 1 profile is active: "dev"
2025-06-10T15:29:51.901-05:00  INFO 6680 --- [seguimientoSeleccion] [main] .s.d.r.c.RepositoryConfigurationDelegate : Bootstrapping Spring Data JPA repositories in DEFAULT mode.
2025-06-10T15:29:52.016-05:00  INFO 6680 --- [seguimientoSeleccion] [main] .s.d.r.c.RepositoryConfigurationDelegate : Finished Spring Data repository scanning in 94 ms. Found 1 JPA repository interface.
2025-06-10T15:29:52.935-05:00  INFO 6680 --- [seguimientoSeleccion] [main] o.s.b.w.embedded.tomcat.TomcatWebServer  : Tomcat initialized with port 8080 (http)
2025-06-10T15:29:52.956-05:00  INFO 6680 --- [seguimientoSeleccion] [main] o.apache.catalina.core.StandardService   : Starting service [Tomcat]
2025-06-10T15:29:52.956-05:00  INFO 6680 --- [seguimientoSeleccion] [main] o.apache.catalina.core.StandardEngine    : Starting Servlet engine: [Apache Tomcat/10.1.40]
2025-06-10T15:29:53.053-05:00  INFO 6680 --- [seguimientoSeleccion] [main] o.a.c.c.C.[Tomcat].[localhost].[/]       : Initializing Spring embedded WebApplicationContext
2025-06-10T15:29:53.053-05:00  INFO 6680 --- [seguimientoSeleccion] [main] w.s.c.ServletWebServerApplicationContext : Root WebApplicationContext: initialization completed in 2167 ms
2025-06-10T15:29:53.336-05:00  INFO 6680 --- [seguimientoSeleccion] [main] o.hibernate.jpa.internal.util.LogHelper  : HHH000204: Processing PersistenceUnitInfo [name: default]
2025-06-10T15:29:53.431-05:00  INFO 6680 --- [seguimientoSeleccion] [main] org.hibernate.Version                    : HHH000412: Hibernate ORM core version 6.6.13.Final
2025-06-10T15:29:53.511-05:00  INFO 6680 --- [seguimientoSeleccion] [main] o.h.c.internal.RegionFactoryInitiator    : HHH000026: Second-level cache disabled
2025-06-10T15:29:53.947-05:00  INFO 6680 --- [seguimientoSeleccion] [main] o.s.o.j.p.SpringPersistenceUnitInfo      : No LoadTimeWeaver setup: ignoring JPA class transformer
2025-06-10T15:29:53.978-05:00  INFO 6680 --- [seguimientoSeleccion] [main] com.zaxxer.hikari.HikariDataSource       : HikariPool-1 - Starting...
2025-06-10T15:29:54.200-05:00  INFO 6680 --- [seguimientoSeleccion] [main] com.zaxxer.hikari.pool.HikariPool        : HikariPool-1 - Added connection org.postgresql.jdbc.PgConnection@4536a715
2025-06-10T15:29:54.200-05:00  INFO 6680 --- [seguimientoSeleccion] [main] com.zaxxer.hikari.HikariDataSource       : HikariPool-1 - Start completed.
2025-06-10T15:29:54.288-05:00  INFO 6680 --- [seguimientoSeleccion] [main] org.hibernate.orm.connections.pooling    : HHH10001005: Database info:
	Database JDBC URL [Connecting through datasource 'HikariDataSource (HikariPool-1)']
	Database driver: undefined/unknown
	Database version: 16.9
	Autocommit mode: undefined/unknown
	Isolation level: undefined/unknown
	Minimum pool size: undefined/unknown
	Maximum pool size: undefined/unknown
2025-06-10T15:29:55.308-05:00  INFO 6680 --- [seguimientoSeleccion] [main] o.h.e.t.j.p.i.JtaPlatformInitiator       : HHH000489: No JTA platform available (set 'hibernate.transaction.jta.platform' to enable JTA platform integration)
2025-06-10T15:29:55.358-05:00  INFO 6680 --- [seguimientoSeleccion] [main] j.LocalContainerEntityManagerFactoryBean : Initialized JPA EntityManagerFactory for persistence unit 'default'
2025-06-10T15:29:56.397-05:00  INFO 6680 --- [seguimientoSeleccion] [main] o.s.b.w.embedded.tomcat.TomcatWebServer  : Tomcat started on port 8080 (http) with context path '/'
2025-06-10T15:29:56.411-05:00  INFO 6680 --- [seguimientoSeleccion] [main] c.r.s.SeguimientoSeleccionApplication    : Started SeguimientoSeleccionApplication in 6.37 seconds (process running for 6.862)
2025-06-10T15:31:53.193-05:00  INFO 6680 --- [seguimientoSeleccion] [SpringApplicationShutdownHook] o.s.b.w.e.tomcat.GracefulShutdown        : Commencing graceful shutdown. Waiting for active requests to complete
2025-06-10T15:31:53.540-05:00  INFO 6680 --- [seguimientoSeleccion] [tomcat-shutdown] o.s.b.w.e.tomcat.GracefulShutdown        : Graceful shutdown complete
2025-06-10T15:31:53.557-05:00  INFO 6680 --- [seguimientoSeleccion] [SpringApplicationShutdownHook] j.LocalContainerEntityManagerFactoryBean : Closing JPA EntityManagerFactory for persistence unit 'default'
2025-06-10T15:31:53.574-05:00  INFO 6680 --- [seguimientoSeleccion] [SpringApplicationShutdownHook] com.zaxxer.hikari.HikariDataSource       : HikariPool-1 - Shutdown initiated...
2025-06-10T15:31:53.579-05:00  INFO 6680 --- [seguimientoSeleccion] [SpringApplicationShutdownHook] com.zaxxer.hikari.HikariDataSource       : HikariPool-1 - Shutdown completed.
2025-06-10T15:36:03.014-05:00  INFO 2360 --- [seguimientoSeleccion] [main] c.r.s.SeguimientoSeleccionApplication    : Starting SeguimientoSeleccionApplication using Java 17.0.15 with PID 2360 (C:\Users\Marcela\Documents\seguimientoSeleccion\target\classes started by Marcela in C:\Users\Marcela\Documents\seguimientoSeleccion)
2025-06-10T15:36:03.014-05:00  INFO 2360 --- [seguimientoSeleccion] [main] c.r.s.SeguimientoSeleccionApplication    : The following 1 profile is active: "dev"
2025-06-10T15:36:04.192-05:00  INFO 2360 --- [seguimientoSeleccion] [main] .s.d.r.c.RepositoryConfigurationDelegate : Bootstrapping Spring Data JPA repositories in DEFAULT mode.
2025-06-10T15:36:04.313-05:00  INFO 2360 --- [seguimientoSeleccion] [main] .s.d.r.c.RepositoryConfigurationDelegate : Finished Spring Data repository scanning in 99 ms. Found 1 JPA repository interface.
2025-06-10T15:36:05.303-05:00  INFO 2360 --- [seguimientoSeleccion] [main] o.s.b.w.embedded.tomcat.TomcatWebServer  : Tomcat initialized with port 8080 (http)
2025-06-10T15:36:05.324-05:00  INFO 2360 --- [seguimientoSeleccion] [main] o.apache.catalina.core.StandardService   : Starting service [Tomcat]
2025-06-10T15:36:05.324-05:00  INFO 2360 --- [seguimientoSeleccion] [main] o.apache.catalina.core.StandardEngine    : Starting Servlet engine: [Apache Tomcat/10.1.40]
2025-06-10T15:36:05.469-05:00  INFO 2360 --- [seguimientoSeleccion] [main] o.a.c.c.C.[Tomcat].[localhost].[/]       : Initializing Spring embedded WebApplicationContext
2025-06-10T15:36:05.469-05:00  INFO 2360 --- [seguimientoSeleccion] [main] w.s.c.ServletWebServerApplicationContext : Root WebApplicationContext: initialization completed in 2351 ms
2025-06-10T15:36:05.761-05:00  INFO 2360 --- [seguimientoSeleccion] [main] o.hibernate.jpa.internal.util.LogHelper  : HHH000204: Processing PersistenceUnitInfo [name: default]
2025-06-10T15:36:05.867-05:00  INFO 2360 --- [seguimientoSeleccion] [main] org.hibernate.Version                    : HHH000412: Hibernate ORM core version 6.6.13.Final
2025-06-10T15:36:05.943-05:00  INFO 2360 --- [seguimientoSeleccion] [main] o.h.c.internal.RegionFactoryInitiator    : HHH000026: Second-level cache disabled
2025-06-10T15:36:06.418-05:00  INFO 2360 --- [seguimientoSeleccion] [main] o.s.o.j.p.SpringPersistenceUnitInfo      : No LoadTimeWeaver setup: ignoring JPA class transformer
2025-06-10T15:36:06.458-05:00  INFO 2360 --- [seguimientoSeleccion] [main] com.zaxxer.hikari.HikariDataSource       : HikariPool-1 - Starting...
2025-06-10T15:36:06.689-05:00  INFO 2360 --- [seguimientoSeleccion] [main] com.zaxxer.hikari.pool.HikariPool        : HikariPool-1 - Added connection org.postgresql.jdbc.PgConnection@738a815c
2025-06-10T15:36:06.695-05:00  INFO 2360 --- [seguimientoSeleccion] [main] com.zaxxer.hikari.HikariDataSource       : HikariPool-1 - Start completed.
2025-06-10T15:36:06.773-05:00  INFO 2360 --- [seguimientoSeleccion] [main] org.hibernate.orm.connections.pooling    : HHH10001005: Database info:
	Database JDBC URL [Connecting through datasource 'HikariDataSource (HikariPool-1)']
	Database driver: undefined/unknown
	Database version: 16.9
	Autocommit mode: undefined/unknown
	Isolation level: undefined/unknown
	Minimum pool size: undefined/unknown
	Maximum pool size: undefined/unknown
2025-06-10T15:36:07.839-05:00  INFO 2360 --- [seguimientoSeleccion] [main] o.h.e.t.j.p.i.JtaPlatformInitiator       : HHH000489: No JTA platform available (set 'hibernate.transaction.jta.platform' to enable JTA platform integration)
2025-06-10T15:36:07.889-05:00  INFO 2360 --- [seguimientoSeleccion] [main] j.LocalContainerEntityManagerFactoryBean : Initialized JPA EntityManagerFactory for persistence unit 'default'
2025-06-10T15:36:08.949-05:00  INFO 2360 --- [seguimientoSeleccion] [main] o.s.b.w.embedded.tomcat.TomcatWebServer  : Tomcat started on port 8080 (http) with context path '/'
2025-06-10T15:36:08.965-05:00  INFO 2360 --- [seguimientoSeleccion] [main] c.r.s.SeguimientoSeleccionApplication    : Started SeguimientoSeleccionApplication in 6.674 seconds (process running for 7.18)
2025-06-10T15:41:57.332-05:00  INFO 2360 --- [seguimientoSeleccion] [SpringApplicationShutdownHook] o.s.b.w.e.tomcat.GracefulShutdown        : Commencing graceful shutdown. Waiting for active requests to complete
2025-06-10T15:41:57.597-05:00  INFO 2360 --- [seguimientoSeleccion] [tomcat-shutdown] o.s.b.w.e.tomcat.GracefulShutdown        : Graceful shutdown complete
2025-06-10T15:41:57.610-05:00  INFO 2360 --- [seguimientoSeleccion] [SpringApplicationShutdownHook] j.LocalContainerEntityManagerFactoryBean : Closing JPA EntityManagerFactory for persistence unit 'default'
2025-06-10T15:41:57.624-05:00  INFO 2360 --- [seguimientoSeleccion] [SpringApplicationShutdownHook] com.zaxxer.hikari.HikariDataSource       : HikariPool-1 - Shutdown initiated...
2025-06-10T15:41:57.634-05:00  INFO 2360 --- [seguimientoSeleccion] [SpringApplicationShutdownHook] com.zaxxer.hikari.HikariDataSource       : HikariPool-1 - Shutdown completed.
2025-06-10T15:42:16.158-05:00  INFO 7924 --- [seguimientoSeleccion] [main] c.r.s.SeguimientoSeleccionApplication    : Starting SeguimientoSeleccionApplication using Java 17.0.15 with PID 7924 (C:\Users\Marcela\Documents\seguimientoSeleccion\target\classes started by Marcela in C:\Users\Marcela\Documents\seguimientoSeleccion)
2025-06-10T15:42:16.165-05:00  INFO 7924 --- [seguimientoSeleccion] [main] c.r.s.SeguimientoSeleccionApplication    : The following 1 profile is active: "dev"
2025-06-10T15:42:17.346-05:00  INFO 7924 --- [seguimientoSeleccion] [main] .s.d.r.c.RepositoryConfigurationDelegate : Bootstrapping Spring Data JPA repositories in DEFAULT mode.
2025-06-10T15:42:17.455-05:00  INFO 7924 --- [seguimientoSeleccion] [main] .s.d.r.c.RepositoryConfigurationDelegate : Finished Spring Data repository scanning in 87 ms. Found 1 JPA repository interface.
2025-06-10T15:42:18.467-05:00  INFO 7924 --- [seguimientoSeleccion] [main] o.s.b.w.embedded.tomcat.TomcatWebServer  : Tomcat initialized with port 8080 (http)
2025-06-10T15:42:18.488-05:00  INFO 7924 --- [seguimientoSeleccion] [main] o.apache.catalina.core.StandardService   : Starting service [Tomcat]
2025-06-10T15:42:18.488-05:00  INFO 7924 --- [seguimientoSeleccion] [main] o.apache.catalina.core.StandardEngine    : Starting Servlet engine: [Apache Tomcat/10.1.40]
2025-06-10T15:42:18.614-05:00  INFO 7924 --- [seguimientoSeleccion] [main] o.a.c.c.C.[Tomcat].[localhost].[/]       : Initializing Spring embedded WebApplicationContext
2025-06-10T15:42:18.614-05:00  INFO 7924 --- [seguimientoSeleccion] [main] w.s.c.ServletWebServerApplicationContext : Root WebApplicationContext: initialization completed in 2341 ms
2025-06-10T15:42:18.864-05:00  INFO 7924 --- [seguimientoSeleccion] [main] o.hibernate.jpa.internal.util.LogHelper  : HHH000204: Processing PersistenceUnitInfo [name: default]
2025-06-10T15:42:18.952-05:00  INFO 7924 --- [seguimientoSeleccion] [main] org.hibernate.Version                    : HHH000412: Hibernate ORM core version 6.6.13.Final
2025-06-10T15:42:18.995-05:00  INFO 7924 --- [seguimientoSeleccion] [main] o.h.c.internal.RegionFactoryInitiator    : HHH000026: Second-level cache disabled
2025-06-10T15:42:19.427-05:00  INFO 7924 --- [seguimientoSeleccion] [main] o.s.o.j.p.SpringPersistenceUnitInfo      : No LoadTimeWeaver setup: ignoring JPA class transformer
2025-06-10T15:42:19.475-05:00  INFO 7924 --- [seguimientoSeleccion] [main] com.zaxxer.hikari.HikariDataSource       : HikariPool-1 - Starting...
2025-06-10T15:42:19.713-05:00  INFO 7924 --- [seguimientoSeleccion] [main] com.zaxxer.hikari.pool.HikariPool        : HikariPool-1 - Added connection org.postgresql.jdbc.PgConnection@3686389
2025-06-10T15:42:19.713-05:00  INFO 7924 --- [seguimientoSeleccion] [main] com.zaxxer.hikari.HikariDataSource       : HikariPool-1 - Start completed.
2025-06-10T15:42:19.808-05:00  INFO 7924 --- [seguimientoSeleccion] [main] org.hibernate.orm.connections.pooling    : HHH10001005: Database info:
	Database JDBC URL [Connecting through datasource 'HikariDataSource (HikariPool-1)']
	Database driver: undefined/unknown
	Database version: 16.9
	Autocommit mode: undefined/unknown
	Isolation level: undefined/unknown
	Minimum pool size: undefined/unknown
	Maximum pool size: undefined/unknown
2025-06-10T15:42:20.967-05:00  INFO 7924 --- [seguimientoSeleccion] [main] o.h.e.t.j.p.i.JtaPlatformInitiator       : HHH000489: No JTA platform available (set 'hibernate.transaction.jta.platform' to enable JTA platform integration)
2025-06-10T15:42:21.008-05:00  INFO 7924 --- [seguimientoSeleccion] [main] j.LocalContainerEntityManagerFactoryBean : Initialized JPA EntityManagerFactory for persistence unit 'default'
2025-06-10T15:42:22.096-05:00  INFO 7924 --- [seguimientoSeleccion] [main] o.s.b.w.embedded.tomcat.TomcatWebServer  : Tomcat started on port 8080 (http) with context path '/'
2025-06-10T15:42:22.109-05:00  INFO 7924 --- [seguimientoSeleccion] [main] c.r.s.SeguimientoSeleccionApplication    : Started SeguimientoSeleccionApplication in 6.708 seconds (process running for 7.156)
2025-06-10T15:42:27.720-05:00  INFO 7924 --- [seguimientoSeleccion] [SpringApplicationShutdownHook] o.s.b.w.e.tomcat.GracefulShutdown        : Commencing graceful shutdown. Waiting for active requests to complete
2025-06-10T15:42:27.840-05:00  INFO 7924 --- [seguimientoSeleccion] [tomcat-shutdown] o.s.b.w.e.tomcat.GracefulShutdown        : Graceful shutdown complete
2025-06-10T15:42:27.840-05:00  INFO 7924 --- [seguimientoSeleccion] [SpringApplicationShutdownHook] j.LocalContainerEntityManagerFactoryBean : Closing JPA EntityManagerFactory for persistence unit 'default'
2025-06-10T15:42:27.845-05:00  INFO 7924 --- [seguimientoSeleccion] [SpringApplicationShutdownHook] com.zaxxer.hikari.HikariDataSource       : HikariPool-1 - Shutdown initiated...
2025-06-10T15:42:27.850-05:00  INFO 7924 --- [seguimientoSeleccion] [SpringApplicationShutdownHook] com.zaxxer.hikari.HikariDataSource       : HikariPool-1 - Shutdown completed.
2025-06-10T15:43:19.211-05:00  INFO 7880 --- [seguimientoSeleccion] [main] c.r.s.SeguimientoSeleccionApplication    : Starting SeguimientoSeleccionApplication using Java 17.0.15 with PID 7880 (C:\Users\Marcela\Documents\seguimientoSeleccion\target\classes started by Marcela in C:\Users\Marcela\Documents\seguimientoSeleccion)
2025-06-10T15:43:19.214-05:00  INFO 7880 --- [seguimientoSeleccion] [main] c.r.s.SeguimientoSeleccionApplication    : The following 1 profile is active: "dev"
2025-06-10T15:43:20.478-05:00  INFO 7880 --- [seguimientoSeleccion] [main] .s.d.r.c.RepositoryConfigurationDelegate : Bootstrapping Spring Data JPA repositories in DEFAULT mode.
2025-06-10T15:43:20.602-05:00  INFO 7880 --- [seguimientoSeleccion] [main] .s.d.r.c.RepositoryConfigurationDelegate : Finished Spring Data repository scanning in 102 ms. Found 1 JPA repository interface.
2025-06-10T15:43:21.619-05:00  INFO 7880 --- [seguimientoSeleccion] [main] o.s.b.w.embedded.tomcat.TomcatWebServer  : Tomcat initialized with port 8080 (http)
2025-06-10T15:43:21.635-05:00  INFO 7880 --- [seguimientoSeleccion] [main] o.apache.catalina.core.StandardService   : Starting service [Tomcat]
2025-06-10T15:43:21.635-05:00  INFO 7880 --- [seguimientoSeleccion] [main] o.apache.catalina.core.StandardEngine    : Starting Servlet engine: [Apache Tomcat/10.1.40]
2025-06-10T15:43:21.761-05:00  INFO 7880 --- [seguimientoSeleccion] [main] o.a.c.c.C.[Tomcat].[localhost].[/]       : Initializing Spring embedded WebApplicationContext
2025-06-10T15:43:21.761-05:00  INFO 7880 --- [seguimientoSeleccion] [main] w.s.c.ServletWebServerApplicationContext : Root WebApplicationContext: initialization completed in 2443 ms
2025-06-10T15:43:22.033-05:00  INFO 7880 --- [seguimientoSeleccion] [main] o.hibernate.jpa.internal.util.LogHelper  : HHH000204: Processing PersistenceUnitInfo [name: default]
2025-06-10T15:43:22.129-05:00  INFO 7880 --- [seguimientoSeleccion] [main] org.hibernate.Version                    : HHH000412: Hibernate ORM core version 6.6.13.Final
2025-06-10T15:43:22.208-05:00  INFO 7880 --- [seguimientoSeleccion] [main] o.h.c.internal.RegionFactoryInitiator    : HHH000026: Second-level cache disabled
2025-06-10T15:43:22.621-05:00  INFO 7880 --- [seguimientoSeleccion] [main] o.s.o.j.p.SpringPersistenceUnitInfo      : No LoadTimeWeaver setup: ignoring JPA class transformer
2025-06-10T15:43:22.673-05:00  INFO 7880 --- [seguimientoSeleccion] [main] com.zaxxer.hikari.HikariDataSource       : HikariPool-1 - Starting...
2025-06-10T15:43:22.905-05:00  INFO 7880 --- [seguimientoSeleccion] [main] com.zaxxer.hikari.pool.HikariPool        : HikariPool-1 - Added connection org.postgresql.jdbc.PgConnection@71e2c6d8
2025-06-10T15:43:22.905-05:00  INFO 7880 --- [seguimientoSeleccion] [main] com.zaxxer.hikari.HikariDataSource       : HikariPool-1 - Start completed.
2025-06-10T15:43:23.024-05:00  INFO 7880 --- [seguimientoSeleccion] [main] org.hibernate.orm.connections.pooling    : HHH10001005: Database info:
	Database JDBC URL [Connecting through datasource 'HikariDataSource (HikariPool-1)']
	Database driver: undefined/unknown
	Database version: 16.9
	Autocommit mode: undefined/unknown
	Isolation level: undefined/unknown
	Minimum pool size: undefined/unknown
	Maximum pool size: undefined/unknown
2025-06-10T15:43:24.283-05:00  INFO 7880 --- [seguimientoSeleccion] [main] o.h.e.t.j.p.i.JtaPlatformInitiator       : HHH000489: No JTA platform available (set 'hibernate.transaction.jta.platform' to enable JTA platform integration)
2025-06-10T15:43:24.341-05:00  INFO 7880 --- [seguimientoSeleccion] [main] j.LocalContainerEntityManagerFactoryBean : Initialized JPA EntityManagerFactory for persistence unit 'default'
2025-06-10T15:43:25.371-05:00  INFO 7880 --- [seguimientoSeleccion] [main] o.s.b.w.embedded.tomcat.TomcatWebServer  : Tomcat started on port 8080 (http) with context path '/'
2025-06-10T15:43:25.391-05:00  INFO 7880 --- [seguimientoSeleccion] [main] c.r.s.SeguimientoSeleccionApplication    : Started SeguimientoSeleccionApplication in 6.898 seconds (process running for 7.466)
2025-06-10T15:46:46.394-05:00  INFO 7880 --- [seguimientoSeleccion] [SpringApplicationShutdownHook] o.s.b.w.e.tomcat.GracefulShutdown        : Commencing graceful shutdown. Waiting for active requests to complete
2025-06-10T15:46:46.506-05:00  INFO 7880 --- [seguimientoSeleccion] [tomcat-shutdown] o.s.b.w.e.tomcat.GracefulShutdown        : Graceful shutdown complete
2025-06-10T15:46:46.506-05:00  INFO 7880 --- [seguimientoSeleccion] [SpringApplicationShutdownHook] j.LocalContainerEntityManagerFactoryBean : Closing JPA EntityManagerFactory for persistence unit 'default'
2025-06-10T15:46:46.522-05:00  INFO 7880 --- [seguimientoSeleccion] [SpringApplicationShutdownHook] com.zaxxer.hikari.HikariDataSource       : HikariPool-1 - Shutdown initiated...
2025-06-10T15:46:46.528-05:00  INFO 7880 --- [seguimientoSeleccion] [SpringApplicationShutdownHook] com.zaxxer.hikari.HikariDataSource       : HikariPool-1 - Shutdown completed.
2025-06-10T15:46:49.927-05:00  INFO 15208 --- [seguimientoSeleccion] [main] c.r.s.SeguimientoSeleccionApplication    : Starting SeguimientoSeleccionApplication using Java 17.0.15 with PID 15208 (C:\Users\Marcela\Documents\seguimientoSeleccion\target\classes started by Marcela in C:\Users\Marcela\Documents\seguimientoSeleccion)
2025-06-10T15:46:49.930-05:00  INFO 15208 --- [seguimientoSeleccion] [main] c.r.s.SeguimientoSeleccionApplication    : The following 1 profile is active: "dev"
2025-06-10T15:46:51.213-05:00  INFO 15208 --- [seguimientoSeleccion] [main] .s.d.r.c.RepositoryConfigurationDelegate : Bootstrapping Spring Data JPA repositories in DEFAULT mode.
2025-06-10T15:46:51.367-05:00  INFO 15208 --- [seguimientoSeleccion] [main] .s.d.r.c.RepositoryConfigurationDelegate : Finished Spring Data repository scanning in 114 ms. Found 1 JPA repository interface.
2025-06-10T15:46:52.349-05:00  INFO 15208 --- [seguimientoSeleccion] [main] o.s.b.w.embedded.tomcat.TomcatWebServer  : Tomcat initialized with port 8080 (http)
2025-06-10T15:46:52.377-05:00  INFO 15208 --- [seguimientoSeleccion] [main] o.apache.catalina.core.StandardService   : Starting service [Tomcat]
2025-06-10T15:46:52.377-05:00  INFO 15208 --- [seguimientoSeleccion] [main] o.apache.catalina.core.StandardEngine    : Starting Servlet engine: [Apache Tomcat/10.1.40]
2025-06-10T15:46:52.479-05:00  INFO 15208 --- [seguimientoSeleccion] [main] o.a.c.c.C.[Tomcat].[localhost].[/]       : Initializing Spring embedded WebApplicationContext
2025-06-10T15:46:52.479-05:00  INFO 15208 --- [seguimientoSeleccion] [main] w.s.c.ServletWebServerApplicationContext : Root WebApplicationContext: initialization completed in 2453 ms
2025-06-10T15:46:52.732-05:00  INFO 15208 --- [seguimientoSeleccion] [main] o.hibernate.jpa.internal.util.LogHelper  : HHH000204: Processing PersistenceUnitInfo [name: default]
2025-06-10T15:46:52.852-05:00  INFO 15208 --- [seguimientoSeleccion] [main] org.hibernate.Version                    : HHH000412: Hibernate ORM core version 6.6.13.Final
2025-06-10T15:46:52.906-05:00  INFO 15208 --- [seguimientoSeleccion] [main] o.h.c.internal.RegionFactoryInitiator    : HHH000026: Second-level cache disabled
2025-06-10T15:46:53.273-05:00  INFO 15208 --- [seguimientoSeleccion] [main] o.s.o.j.p.SpringPersistenceUnitInfo      : No LoadTimeWeaver setup: ignoring JPA class transformer
2025-06-10T15:46:53.329-05:00  INFO 15208 --- [seguimientoSeleccion] [main] com.zaxxer.hikari.HikariDataSource       : HikariPool-1 - Starting...
2025-06-10T15:46:53.552-05:00  INFO 15208 --- [seguimientoSeleccion] [main] com.zaxxer.hikari.pool.HikariPool        : HikariPool-1 - Added connection org.postgresql.jdbc.PgConnection@5da57a64
2025-06-10T15:46:53.552-05:00  INFO 15208 --- [seguimientoSeleccion] [main] com.zaxxer.hikari.HikariDataSource       : HikariPool-1 - Start completed.
2025-06-10T15:46:53.648-05:00  INFO 15208 --- [seguimientoSeleccion] [main] org.hibernate.orm.connections.pooling    : HHH10001005: Database info:
	Database JDBC URL [Connecting through datasource 'HikariDataSource (HikariPool-1)']
	Database driver: undefined/unknown
	Database version: 16.9
	Autocommit mode: undefined/unknown
	Isolation level: undefined/unknown
	Minimum pool size: undefined/unknown
	Maximum pool size: undefined/unknown
2025-06-10T15:46:54.806-05:00  INFO 15208 --- [seguimientoSeleccion] [main] o.h.e.t.j.p.i.JtaPlatformInitiator       : HHH000489: No JTA platform available (set 'hibernate.transaction.jta.platform' to enable JTA platform integration)
2025-06-10T15:46:54.870-05:00  INFO 15208 --- [seguimientoSeleccion] [main] j.LocalContainerEntityManagerFactoryBean : Initialized JPA EntityManagerFactory for persistence unit 'default'
2025-06-10T15:46:56.025-05:00  INFO 15208 --- [seguimientoSeleccion] [main] o.s.b.w.embedded.tomcat.TomcatWebServer  : Tomcat started on port 8080 (http) with context path '/'
2025-06-10T15:46:56.032-05:00  INFO 15208 --- [seguimientoSeleccion] [main] c.r.s.SeguimientoSeleccionApplication    : Started SeguimientoSeleccionApplication in 6.845 seconds (process running for 7.293)
2025-06-10T15:46:57.233-05:00  INFO 15208 --- [seguimientoSeleccion] [SpringApplicationShutdownHook] o.s.b.w.e.tomcat.GracefulShutdown        : Commencing graceful shutdown. Waiting for active requests to complete
2025-06-10T15:46:57.347-05:00  INFO 15208 --- [seguimientoSeleccion] [tomcat-shutdown] o.s.b.w.e.tomcat.GracefulShutdown        : Graceful shutdown complete
2025-06-10T15:46:57.347-05:00  INFO 15208 --- [seguimientoSeleccion] [SpringApplicationShutdownHook] j.LocalContainerEntityManagerFactoryBean : Closing JPA EntityManagerFactory for persistence unit 'default'
2025-06-10T15:46:57.353-05:00  INFO 15208 --- [seguimientoSeleccion] [SpringApplicationShutdownHook] com.zaxxer.hikari.HikariDataSource       : HikariPool-1 - Shutdown initiated...
2025-06-10T15:46:57.358-05:00  INFO 15208 --- [seguimientoSeleccion] [SpringApplicationShutdownHook] com.zaxxer.hikari.HikariDataSource       : HikariPool-1 - Shutdown completed.
2025-06-10T15:48:03.127-05:00  INFO 2060 --- [seguimientoSeleccion] [main] c.r.s.SeguimientoSeleccionApplication    : Starting SeguimientoSeleccionApplication using Java 17.0.15 with PID 2060 (C:\Users\Marcela\Documents\seguimientoSeleccion\target\classes started by Marcela in C:\Users\Marcela\Documents\seguimientoSeleccion)
2025-06-10T15:48:03.131-05:00  INFO 2060 --- [seguimientoSeleccion] [main] c.r.s.SeguimientoSeleccionApplication    : The following 1 profile is active: "dev"
2025-06-10T15:48:05.117-05:00  INFO 2060 --- [seguimientoSeleccion] [main] .s.d.r.c.RepositoryConfigurationDelegate : Bootstrapping Spring Data JPA repositories in DEFAULT mode.
2025-06-10T15:48:05.227-05:00  INFO 2060 --- [seguimientoSeleccion] [main] .s.d.r.c.RepositoryConfigurationDelegate : Finished Spring Data repository scanning in 79 ms. Found 1 JPA repository interface.
2025-06-10T15:48:06.192-05:00  INFO 2060 --- [seguimientoSeleccion] [main] o.s.b.w.embedded.tomcat.TomcatWebServer  : Tomcat initialized with port 8080 (http)
2025-06-10T15:48:06.221-05:00  INFO 2060 --- [seguimientoSeleccion] [main] o.apache.catalina.core.StandardService   : Starting service [Tomcat]
2025-06-10T15:48:06.221-05:00  INFO 2060 --- [seguimientoSeleccion] [main] o.apache.catalina.core.StandardEngine    : Starting Servlet engine: [Apache Tomcat/10.1.40]
2025-06-10T15:48:06.317-05:00  INFO 2060 --- [seguimientoSeleccion] [main] o.a.c.c.C.[Tomcat].[localhost].[/]       : Initializing Spring embedded WebApplicationContext
2025-06-10T15:48:06.317-05:00  INFO 2060 --- [seguimientoSeleccion] [main] w.s.c.ServletWebServerApplicationContext : Root WebApplicationContext: initialization completed in 3065 ms
2025-06-10T15:48:06.566-05:00  INFO 2060 --- [seguimientoSeleccion] [main] o.hibernate.jpa.internal.util.LogHelper  : HHH000204: Processing PersistenceUnitInfo [name: default]
2025-06-10T15:48:06.638-05:00  INFO 2060 --- [seguimientoSeleccion] [main] org.hibernate.Version                    : HHH000412: Hibernate ORM core version 6.6.13.Final
2025-06-10T15:48:06.712-05:00  INFO 2060 --- [seguimientoSeleccion] [main] o.h.c.internal.RegionFactoryInitiator    : HHH000026: Second-level cache disabled
2025-06-10T15:48:07.224-05:00  INFO 2060 --- [seguimientoSeleccion] [main] o.s.o.j.p.SpringPersistenceUnitInfo      : No LoadTimeWeaver setup: ignoring JPA class transformer
2025-06-10T15:48:07.276-05:00  INFO 2060 --- [seguimientoSeleccion] [main] com.zaxxer.hikari.HikariDataSource       : HikariPool-1 - Starting...
2025-06-10T15:48:07.552-05:00  INFO 2060 --- [seguimientoSeleccion] [main] com.zaxxer.hikari.pool.HikariPool        : HikariPool-1 - Added connection org.postgresql.jdbc.PgConnection@5f0677f3
2025-06-10T15:48:07.553-05:00  INFO 2060 --- [seguimientoSeleccion] [main] com.zaxxer.hikari.HikariDataSource       : HikariPool-1 - Start completed.
2025-06-10T15:48:07.626-05:00  INFO 2060 --- [seguimientoSeleccion] [main] org.hibernate.orm.connections.pooling    : HHH10001005: Database info:
	Database JDBC URL [Connecting through datasource 'HikariDataSource (HikariPool-1)']
	Database driver: undefined/unknown
	Database version: 16.9
	Autocommit mode: undefined/unknown
	Isolation level: undefined/unknown
	Minimum pool size: undefined/unknown
	Maximum pool size: undefined/unknown
2025-06-10T15:48:08.768-05:00  INFO 2060 --- [seguimientoSeleccion] [main] o.h.e.t.j.p.i.JtaPlatformInitiator       : HHH000489: No JTA platform available (set 'hibernate.transaction.jta.platform' to enable JTA platform integration)
2025-06-10T15:48:08.819-05:00  INFO 2060 --- [seguimientoSeleccion] [main] j.LocalContainerEntityManagerFactoryBean : Initialized JPA EntityManagerFactory for persistence unit 'default'
2025-06-10T15:48:09.895-05:00  INFO 2060 --- [seguimientoSeleccion] [main] o.s.b.w.embedded.tomcat.TomcatWebServer  : Tomcat started on port 8080 (http) with context path '/'
2025-06-10T15:48:09.895-05:00  INFO 2060 --- [seguimientoSeleccion] [main] c.r.s.SeguimientoSeleccionApplication    : Started SeguimientoSeleccionApplication in 7.465 seconds (process running for 8.001)
2025-06-10T15:48:18.473-05:00  INFO 2060 --- [seguimientoSeleccion] [SpringApplicationShutdownHook] o.s.b.w.e.tomcat.GracefulShutdown        : Commencing graceful shutdown. Waiting for active requests to complete
2025-06-10T15:48:18.751-05:00  INFO 2060 --- [seguimientoSeleccion] [tomcat-shutdown] o.s.b.w.e.tomcat.GracefulShutdown        : Graceful shutdown complete
2025-06-10T15:48:18.751-05:00  INFO 2060 --- [seguimientoSeleccion] [SpringApplicationShutdownHook] j.LocalContainerEntityManagerFactoryBean : Closing JPA EntityManagerFactory for persistence unit 'default'
2025-06-10T15:48:18.751-05:00  INFO 2060 --- [seguimientoSeleccion] [SpringApplicationShutdownHook] com.zaxxer.hikari.HikariDataSource       : HikariPool-1 - Shutdown initiated...
2025-06-10T15:48:18.767-05:00  INFO 2060 --- [seguimientoSeleccion] [SpringApplicationShutdownHook] com.zaxxer.hikari.HikariDataSource       : HikariPool-1 - Shutdown completed.
2025-06-10T15:57:37.954-05:00  INFO 15056 --- [seguimientoSeleccion] [main] c.r.s.SeguimientoSeleccionApplication    : Starting SeguimientoSeleccionApplication using Java 17.0.15 with PID 15056 (C:\Users\Marcela\Documents\seguimientoSeleccion\target\classes started by Marcela in C:\Users\Marcela\Documents\seguimientoSeleccion)
2025-06-10T15:57:37.957-05:00  INFO 15056 --- [seguimientoSeleccion] [main] c.r.s.SeguimientoSeleccionApplication    : The following 1 profile is active: "dev"
2025-06-10T15:57:39.358-05:00  INFO 15056 --- [seguimientoSeleccion] [main] .s.d.r.c.RepositoryConfigurationDelegate : Bootstrapping Spring Data JPA repositories in DEFAULT mode.
2025-06-10T15:57:39.471-05:00  INFO 15056 --- [seguimientoSeleccion] [main] .s.d.r.c.RepositoryConfigurationDelegate : Finished Spring Data repository scanning in 85 ms. Found 1 JPA repository interface.
2025-06-10T15:57:40.495-05:00  INFO 15056 --- [seguimientoSeleccion] [main] o.s.b.w.embedded.tomcat.TomcatWebServer  : Tomcat initialized with port 8080 (http)
2025-06-10T15:57:40.519-05:00  INFO 15056 --- [seguimientoSeleccion] [main] o.apache.catalina.core.StandardService   : Starting service [Tomcat]
2025-06-10T15:57:40.524-05:00  INFO 15056 --- [seguimientoSeleccion] [main] o.apache.catalina.core.StandardEngine    : Starting Servlet engine: [Apache Tomcat/10.1.40]
2025-06-10T15:57:40.621-05:00  INFO 15056 --- [seguimientoSeleccion] [main] o.a.c.c.C.[Tomcat].[localhost].[/]       : Initializing Spring embedded WebApplicationContext
2025-06-10T15:57:40.621-05:00  INFO 15056 --- [seguimientoSeleccion] [main] w.s.c.ServletWebServerApplicationContext : Root WebApplicationContext: initialization completed in 2557 ms
2025-06-10T15:57:40.885-05:00  INFO 15056 --- [seguimientoSeleccion] [main] o.hibernate.jpa.internal.util.LogHelper  : HHH000204: Processing PersistenceUnitInfo [name: default]
2025-06-10T15:57:40.993-05:00  INFO 15056 --- [seguimientoSeleccion] [main] org.hibernate.Version                    : HHH000412: Hibernate ORM core version 6.6.13.Final
2025-06-10T15:57:41.048-05:00  INFO 15056 --- [seguimientoSeleccion] [main] o.h.c.internal.RegionFactoryInitiator    : HHH000026: Second-level cache disabled
2025-06-10T15:57:41.490-05:00  INFO 15056 --- [seguimientoSeleccion] [main] o.s.o.j.p.SpringPersistenceUnitInfo      : No LoadTimeWeaver setup: ignoring JPA class transformer
2025-06-10T15:57:41.547-05:00  INFO 15056 --- [seguimientoSeleccion] [main] com.zaxxer.hikari.HikariDataSource       : HikariPool-1 - Starting...
2025-06-10T15:57:41.813-05:00  INFO 15056 --- [seguimientoSeleccion] [main] com.zaxxer.hikari.pool.HikariPool        : HikariPool-1 - Added connection org.postgresql.jdbc.PgConnection@32dcfeea
2025-06-10T15:57:41.815-05:00  INFO 15056 --- [seguimientoSeleccion] [main] com.zaxxer.hikari.HikariDataSource       : HikariPool-1 - Start completed.
2025-06-10T15:57:41.910-05:00  INFO 15056 --- [seguimientoSeleccion] [main] org.hibernate.orm.connections.pooling    : HHH10001005: Database info:
	Database JDBC URL [Connecting through datasource 'HikariDataSource (HikariPool-1)']
	Database driver: undefined/unknown
	Database version: 16.9
	Autocommit mode: undefined/unknown
	Isolation level: undefined/unknown
	Minimum pool size: undefined/unknown
	Maximum pool size: undefined/unknown
2025-06-10T15:57:43.143-05:00  INFO 15056 --- [seguimientoSeleccion] [main] o.h.e.t.j.p.i.JtaPlatformInitiator       : HHH000489: No JTA platform available (set 'hibernate.transaction.jta.platform' to enable JTA platform integration)
2025-06-10T15:57:43.202-05:00  INFO 15056 --- [seguimientoSeleccion] [main] j.LocalContainerEntityManagerFactoryBean : Initialized JPA EntityManagerFactory for persistence unit 'default'
2025-06-10T15:57:44.324-05:00  INFO 15056 --- [seguimientoSeleccion] [main] o.s.b.w.embedded.tomcat.TomcatWebServer  : Tomcat started on port 8080 (http) with context path '/'
2025-06-10T15:57:44.340-05:00  INFO 15056 --- [seguimientoSeleccion] [main] c.r.s.SeguimientoSeleccionApplication    : Started SeguimientoSeleccionApplication in 7.08 seconds (process running for 7.559)
2025-06-10T15:57:56.685-05:00  INFO 15056 --- [seguimientoSeleccion] [SpringApplicationShutdownHook] o.s.b.w.e.tomcat.GracefulShutdown        : Commencing graceful shutdown. Waiting for active requests to complete
2025-06-10T15:57:56.799-05:00  INFO 15056 --- [seguimientoSeleccion] [tomcat-shutdown] o.s.b.w.e.tomcat.GracefulShutdown        : Graceful shutdown complete
2025-06-10T15:57:56.799-05:00  INFO 15056 --- [seguimientoSeleccion] [SpringApplicationShutdownHook] j.LocalContainerEntityManagerFactoryBean : Closing JPA EntityManagerFactory for persistence unit 'default'
2025-06-10T15:57:56.810-05:00  INFO 15056 --- [seguimientoSeleccion] [SpringApplicationShutdownHook] com.zaxxer.hikari.HikariDataSource       : HikariPool-1 - Shutdown initiated...
2025-06-10T15:57:56.816-05:00  INFO 15056 --- [seguimientoSeleccion] [SpringApplicationShutdownHook] com.zaxxer.hikari.HikariDataSource       : HikariPool-1 - Shutdown completed.
